[debug] [2021-09-29T18:43:47.475Z] ----------------------------------------------------------------------
[debug] [2021-09-29T18:43:47.480Z] Command:       C:\Program Files\nodejs\node.exe C:\Users\Ñ0smik\AppData\Roaming\npm\node_modules\firebase-tools\lib\bin\firebase.js init
[debug] [2021-09-29T18:43:47.481Z] CLI Version:   9.19.0
[debug] [2021-09-29T18:43:47.481Z] Platform:      win32
[debug] [2021-09-29T18:43:47.481Z] Node Version:  v16.9.1
[debug] [2021-09-29T18:43:47.482Z] Time:          Wed Sep 29 2021 22:43:47 GMT+0400 (GMT+04:00)
[debug] [2021-09-29T18:43:47.483Z] ----------------------------------------------------------------------
[debug] 
[debug] [2021-09-29T18:43:47.492Z] > command requires scopes: ["email","openid","https://www.googleapis.com/auth/cloudplatformprojects.readonly","https://www.googleapis.com/auth/firebase","https://www.googleapis.com/auth/cloud-platform"]
[debug] [2021-09-29T18:43:47.493Z] > authorizing via signed-in user (arman.wap3@gmail.com)
[info] 
     ######## #### ########  ######## ########     ###     ######  ########
     ##        ##  ##     ## ##       ##     ##  ##   ##  ##       ##
     ######    ##  ########  ######   ########  #########  ######  ######
     ##        ##  ##    ##  ##       ##     ## ##     ##       ## ##
     ##       #### ##     ## ######## ########  ##     ##  ######  ########

You're about to initialize a Firebase project in this directory:

  E:\VISION STUDIO CODE\js\zz

[info] 
=== Project Setup
[info] 
[info] First, let's associate this project directory with a Firebase project.
[info] You can create multiple project aliases by running firebase use --add, 
[info] but for now we'll just set up a default project.
[info] 
[debug] [2021-09-29T18:47:39.699Z] >>> [apiv2][query] GET https://firebase.googleapis.com/v1beta1/projects pageSize=100
[debug] [2021-09-29T18:47:40.285Z] <<< [apiv2][status] GET https://firebase.googleapis.com/v1beta1/projects 200
[debug] [2021-09-29T18:47:40.285Z] <<< [apiv2][body] GET https://firebase.googleapis.com/v1beta1/projects [omitted]
[info] i  Using project cosmik-26 (cosmik-26) 
[info] 
=== Hosting:github Setup
[info] 
[info] i  Didn't detect a .git folder. Assuming E:\VISION STUDIO CODE\js\zz is the project root. 
[info] i  Authorizing with GitHub to upload your service account to a GitHub repository's secrets store. 
[info] 
[info] Visit this URL on this device to log in:
[info] https://github.com/login/oauth/authorize?client_id=89cf50f02ac6aaed3484&state=186980022&redirect_uri=http%3A%2F%2Flocalhost%3A9005&scope=read%3Auser%20repo%20public_repo
[info] 
[info] Waiting for authentication...
